app/build/intermediates/manifest_merge_blame_file/debug/processDebugMainManifest/manifest-merger-blame-debug-report.txt
1<?xml version="1.0" encoding="utf-8"?>
2<manifest xmlns:android="http://schemas.android.com/apk/res/android"
3    package="com.espoch.comedor"
4    android:versionCode="1"
5    android:versionName="1.0" >
6
7    <uses-sdk
8        android:minSdkVersion="28"
9        android:targetSdkVersion="34" />
10
11    <uses-permission android:name="android.permission.INTERNET" />
11-->src\main\AndroidManifest.xml:6:5-66
11-->src\main\AndroidManifest.xml:6:22-64
12    <uses-permission android:name="android.permission.ACCESS_NETWORK_STATE" />
12-->src\main\AndroidManifest.xml:7:5-78
12-->src\main\AndroidManifest.xml:7:22-76
13    <uses-permission android:name="android.permission.USE_BIOMETRIC" /> <!-- suppress DeprecatedClassUsageInspection -->
13-->[androidx.biometric:biometric:1.1.0] AndroidManifest.xml:24:5-72
13-->[androidx.biometric:biometric:1.1.0] AndroidManifest.xml:24:22-69
14    <uses-permission android:name="android.permission.USE_FINGERPRINT" />
14-->[androidx.biometric:biometric:1.1.0] AndroidManifest.xml:27:5-74
14-->[androidx.biometric:biometric:1.1.0] AndroidManifest.xml:27:22-71
15    <!--
16     Required for API Level 30 to make sure we can detect browsers and other apps we want to
17     be able to talk to.
18    -->
19    <!-- https://developer.android.com/training/basics/intents/package-visibility-use-cases -->
20    <queries>
20-->[com.microsoft.identity:common:17.5.0] AndroidManifest.xml:17:5-41:15
21        <package android:name="com.azure.authenticator" />
21-->[com.microsoft.identity:common:17.5.0] AndroidManifest.xml:18:9-59
21-->[com.microsoft.identity:common:17.5.0] AndroidManifest.xml:18:18-56
22        <package android:name="com.microsoft.identity.testuserapp" />
22-->[com.microsoft.identity:common:17.5.0] AndroidManifest.xml:19:9-70
22-->[com.microsoft.identity:common:17.5.0] AndroidManifest.xml:19:18-67
23        <package android:name="com.microsoft.windowsintune.companyportal" />
23-->[com.microsoft.identity:common:17.5.0] AndroidManifest.xml:20:9-77
23-->[com.microsoft.identity:common:17.5.0] AndroidManifest.xml:20:18-74
24        <package android:name="com.microsoft.mockauthapp" />
24-->[com.microsoft.identity:common:17.5.0] AndroidManifest.xml:21:9-61
24-->[com.microsoft.identity:common:17.5.0] AndroidManifest.xml:21:18-58
25        <package android:name="com.microsoft.mockcp" />
25-->[com.microsoft.identity:common:17.5.0] AndroidManifest.xml:22:9-56
25-->[com.microsoft.identity:common:17.5.0] AndroidManifest.xml:22:18-53
26        <package android:name="com.microsoft.mockltw" />
26-->[com.microsoft.identity:common:17.5.0] AndroidManifest.xml:23:9-57
26-->[com.microsoft.identity:common:17.5.0] AndroidManifest.xml:23:18-54
27        <package android:name="com.microsoft.appmanager" />
27-->[com.microsoft.identity:common:17.5.0] AndroidManifest.xml:24:9-60
27-->[com.microsoft.identity:common:17.5.0] AndroidManifest.xml:24:18-57
28        <!--
29        Required for API Level 30 to make sure we can detect browsers
30        (that don't support custom tabs)
31        -->
32        <intent>
32-->[com.microsoft.identity:common:17.5.0] AndroidManifest.xml:29:9-35:18
33            <action android:name="android.intent.action.VIEW" />
33-->src\main\AndroidManifest.xml:22:17-69
33-->src\main\AndroidManifest.xml:22:25-66
34
35            <category android:name="android.intent.category.BROWSABLE" />
35-->src\main\AndroidManifest.xml:24:17-78
35-->src\main\AndroidManifest.xml:24:27-75
36
37            <data android:scheme="https" />
37-->src\main\AndroidManifest.xml:25:17-28:68
37-->src\main\AndroidManifest.xml:26:21-44
38        </intent>
39        <!-- Required for API Level 30 to make sure we can detect browsers that support custom tabs -->
40        <!-- https://developers.google.com/web/updates/2020/07/custom-tabs-android-11#detecting_browsers_that_support_custom_tabs -->
41        <intent>
41-->[com.microsoft.identity:common:17.5.0] AndroidManifest.xml:38:9-40:18
42            <action android:name="android.support.customtabs.action.CustomTabsService" />
42-->[com.microsoft.identity:common:17.5.0] AndroidManifest.xml:39:13-90
42-->[com.microsoft.identity:common:17.5.0] AndroidManifest.xml:39:21-87
43        </intent>
44    </queries>
45
46    <uses-permission android:name="android.permission.WAKE_LOCK" />
46-->[com.google.android.gms:play-services-measurement-api:22.0.1] AndroidManifest.xml:24:5-68
46-->[com.google.android.gms:play-services-measurement-api:22.0.1] AndroidManifest.xml:24:22-65
47    <uses-permission android:name="com.google.android.gms.permission.AD_ID" />
47-->[com.google.android.gms:play-services-measurement-api:22.0.1] AndroidManifest.xml:25:5-79
47-->[com.google.android.gms:play-services-measurement-api:22.0.1] AndroidManifest.xml:25:22-76
48    <uses-permission android:name="android.permission.ACCESS_ADSERVICES_ATTRIBUTION" />
48-->[com.google.android.gms:play-services-measurement-api:22.0.1] AndroidManifest.xml:26:5-88
48-->[com.google.android.gms:play-services-measurement-api:22.0.1] AndroidManifest.xml:26:22-85
49    <uses-permission android:name="android.permission.ACCESS_ADSERVICES_AD_ID" />
49-->[com.google.android.gms:play-services-measurement-api:22.0.1] AndroidManifest.xml:27:5-82
49-->[com.google.android.gms:play-services-measurement-api:22.0.1] AndroidManifest.xml:27:22-79
50    <uses-permission android:name="com.google.android.providers.gsf.permission.READ_GSERVICES" />
50-->[com.google.android.recaptcha:recaptcha:18.4.0] AndroidManifest.xml:9:5-98
50-->[com.google.android.recaptcha:recaptcha:18.4.0] AndroidManifest.xml:9:22-95
51    <uses-permission android:name="com.google.android.finsky.permission.BIND_GET_INSTALL_REFERRER_SERVICE" />
51-->[com.google.android.gms:play-services-measurement:22.0.1] AndroidManifest.xml:26:5-110
51-->[com.google.android.gms:play-services-measurement:22.0.1] AndroidManifest.xml:26:22-107
52
53    <permission
53-->[androidx.core:core:1.13.1] AndroidManifest.xml:22:5-24:47
54        android:name="com.espoch.comedor.DYNAMIC_RECEIVER_NOT_EXPORTED_PERMISSION"
54-->[androidx.core:core:1.13.1] AndroidManifest.xml:23:9-81
55        android:protectionLevel="signature" />
55-->[androidx.core:core:1.13.1] AndroidManifest.xml:24:9-44
56
57    <uses-permission android:name="com.espoch.comedor.DYNAMIC_RECEIVER_NOT_EXPORTED_PERMISSION" />
57-->[androidx.core:core:1.13.1] AndroidManifest.xml:26:5-97
57-->[androidx.core:core:1.13.1] AndroidManifest.xml:26:22-94
58    <uses-permission android:name="android.permission.NFC" />
58-->[com.yubico.yubikit:android:2.5.0] AndroidManifest.xml:7:5-62
58-->[com.yubico.yubikit:android:2.5.0] AndroidManifest.xml:7:22-59
59
60    <uses-feature
60-->[com.yubico.yubikit:android:2.5.0] AndroidManifest.xml:9:5-11:36
61        android:name="android.hardware.usb.host"
61-->[com.yubico.yubikit:android:2.5.0] AndroidManifest.xml:10:9-49
62        android:required="false" />
62-->[com.yubico.yubikit:android:2.5.0] AndroidManifest.xml:11:9-33
63    <uses-feature
63-->[com.yubico.yubikit:android:2.5.0] AndroidManifest.xml:12:5-14:36
64        android:name="android.hardware.nfc"
64-->[com.yubico.yubikit:android:2.5.0] AndroidManifest.xml:13:9-44
65        android:required="false" />
65-->[com.yubico.yubikit:android:2.5.0] AndroidManifest.xml:14:9-33
66
67    <application
67-->src\main\AndroidManifest.xml:9:5-46:19
68        android:allowBackup="true"
68-->src\main\AndroidManifest.xml:10:9-35
69        android:appComponentFactory="androidx.core.app.CoreComponentFactory"
69-->[androidx.core:core:1.13.1] AndroidManifest.xml:28:18-86
70        android:debuggable="true"
71        android:extractNativeLibs="false"
72        android:icon="@mipmap/ic_launcher"
72-->src\main\AndroidManifest.xml:11:9-43
73        android:label="@string/app_name"
73-->src\main\AndroidManifest.xml:12:9-41
74        android:roundIcon="@mipmap/ic_launcher_round"
74-->src\main\AndroidManifest.xml:13:9-54
75        android:supportsRtl="true"
75-->src\main\AndroidManifest.xml:14:9-35
76        android:testOnly="true"
77        android:theme="@style/AppTheme" >
77-->src\main\AndroidManifest.xml:15:9-40
78        <activity
78-->src\main\AndroidManifest.xml:18:9-30:20
79            android:name="com.microsoft.identity.client.BrowserTabActivity"
79-->src\main\AndroidManifest.xml:19:13-76
80            android:configChanges="orientation|keyboardHidden|screenSize|smallestScreenSize|screenLayout"
80-->[com.microsoft.identity.client:msal:5.4.0] AndroidManifest.xml:33:13-106
81            android:exported="true" >
81-->src\main\AndroidManifest.xml:20:13-36
82            <intent-filter>
82-->src\main\AndroidManifest.xml:21:13-29:29
83                <action android:name="android.intent.action.VIEW" />
83-->src\main\AndroidManifest.xml:22:17-69
83-->src\main\AndroidManifest.xml:22:25-66
84
85                <category android:name="android.intent.category.DEFAULT" />
85-->src\main\AndroidManifest.xml:23:17-76
85-->src\main\AndroidManifest.xml:23:27-73
86                <category android:name="android.intent.category.BROWSABLE" />
86-->src\main\AndroidManifest.xml:24:17-78
86-->src\main\AndroidManifest.xml:24:27-75
87
88                <data
88-->src\main\AndroidManifest.xml:25:17-28:68
89                    android:host="com.espoch.comedor"
89-->src\main\AndroidManifest.xml:27:21-54
90                    android:path="/tLwIARBXxMgkYozD4XpgxiYQF8A="
90-->src\main\AndroidManifest.xml:28:21-65
91                    android:scheme="msauth" />
91-->src\main\AndroidManifest.xml:26:21-44
92            </intent-filter>
93        </activity>
94        <activity
94-->src\main\AndroidManifest.xml:31:9-34:39
95            android:name="com.espoch.comedor.LoginActivity"
95-->src\main\AndroidManifest.xml:32:13-42
96            android:exported="false"
96-->src\main\AndroidManifest.xml:34:13-37
97            android:launchMode="singleInstance" />
97-->src\main\AndroidManifest.xml:33:13-48
98        <activity
98-->src\main\AndroidManifest.xml:35:9-45:20
99            android:name="com.espoch.comedor.MainActivity"
99-->src\main\AndroidManifest.xml:36:13-41
100            android:exported="true"
100-->src\main\AndroidManifest.xml:38:13-36
101            android:launchMode="singleInstance"
101-->src\main\AndroidManifest.xml:37:13-48
102            android:windowSoftInputMode="adjustPan" >
102-->src\main\AndroidManifest.xml:39:13-52
103            <intent-filter>
103-->src\main\AndroidManifest.xml:40:13-44:29
104                <action android:name="android.intent.action.MAIN" />
104-->src\main\AndroidManifest.xml:41:17-69
104-->src\main\AndroidManifest.xml:41:25-66
105
106                <category android:name="android.intent.category.LAUNCHER" />
106-->src\main\AndroidManifest.xml:43:17-77
106-->src\main\AndroidManifest.xml:43:27-74
107            </intent-filter>
108        </activity>
109        <!-- MSAL activity that will be used to process all the auth related logic -->
110        <activity
110-->[com.microsoft.identity.client:msal:5.4.0] AndroidManifest.xml:13:9-17:47
111            android:name="com.microsoft.identity.common.internal.providers.oauth2.AuthorizationActivity"
111-->[com.microsoft.identity.client:msal:5.4.0] AndroidManifest.xml:14:13-105
112            android:configChanges="orientation|keyboardHidden|screenSize|smallestScreenSize|screenLayout|keyboard"
112-->[com.microsoft.identity.client:msal:5.4.0] AndroidManifest.xml:15:13-115
113            android:exported="false"
113-->[com.microsoft.identity.client:msal:5.4.0] AndroidManifest.xml:16:13-37
114            android:launchMode="singleTask" />
114-->[com.microsoft.identity.client:msal:5.4.0] AndroidManifest.xml:17:13-44
115        <activity
115-->[com.microsoft.identity.client:msal:5.4.0] AndroidManifest.xml:18:9-22:45
116            android:name="com.microsoft.identity.common.internal.providers.oauth2.CurrentTaskAuthorizationActivity"
116-->[com.microsoft.identity.client:msal:5.4.0] AndroidManifest.xml:19:13-116
117            android:configChanges="orientation|keyboardHidden|screenSize|smallestScreenSize|screenLayout|keyboard"
117-->[com.microsoft.identity.client:msal:5.4.0] AndroidManifest.xml:20:13-115
118            android:exported="false"
118-->[com.microsoft.identity.client:msal:5.4.0] AndroidManifest.xml:21:13-37
119            android:launchMode="standard" /> <!-- Helper activity for displaying current broker redirect URI configuration -->
119-->[com.microsoft.identity.client:msal:5.4.0] AndroidManifest.xml:22:13-42
120        <activity
120-->[com.microsoft.identity.client:msal:5.4.0] AndroidManifest.xml:25:9-28:45
121            android:name="com.microsoft.identity.client.helper.BrokerHelperActivity"
121-->[com.microsoft.identity.client:msal:5.4.0] AndroidManifest.xml:26:13-85
122            android:exported="false"
122-->[com.microsoft.identity.client:msal:5.4.0] AndroidManifest.xml:27:13-37
123            android:launchMode="standard" />
123-->[com.microsoft.identity.client:msal:5.4.0] AndroidManifest.xml:28:13-42
124        <activity
124-->[com.microsoft.identity.client:msal:5.4.0] AndroidManifest.xml:35:9-37:39
125            android:name="com.microsoft.identity.client.CurrentTaskBrowserTabActivity"
125-->[com.microsoft.identity.client:msal:5.4.0] AndroidManifest.xml:36:13-87
126            android:exported="true" /> <!-- Activity to invoke an interactive request to the intent passed by ad-accounts(Broker) -->
126-->[com.microsoft.identity.client:msal:5.4.0] AndroidManifest.xml:37:13-36
127        <activity
127-->[com.microsoft.identity:common:17.5.0] AndroidManifest.xml:54:9-56:99
128            android:name="com.microsoft.identity.common.internal.broker.BrokerActivity"
128-->[com.microsoft.identity:common:17.5.0] AndroidManifest.xml:55:13-88
129            android:configChanges="orientation|keyboardHidden|screenSize|screenLayout|keyboard" /> <!-- Activity to launch a install WPJ certificate activity and get the result -->
129-->[com.microsoft.identity:common:17.5.0] AndroidManifest.xml:56:13-96
130        <activity
130-->[com.microsoft.identity:common:17.5.0] AndroidManifest.xml:58:9-61:60
131            android:name="com.microsoft.identity.common.internal.broker.InstallCertActivityLauncher"
131-->[com.microsoft.identity:common:17.5.0] AndroidManifest.xml:59:13-101
132            android:configChanges="orientation|keyboardHidden|screenSize|screenLayout|keyboard"
132-->[com.microsoft.identity:common:17.5.0] AndroidManifest.xml:60:13-96
133            android:theme="@style/Theme.AppCompat.Light" />
133-->[com.microsoft.identity:common:17.5.0] AndroidManifest.xml:61:13-57
134
135        <service
135-->[com.google.firebase:firebase-auth-ktx:23.0.0] AndroidManifest.xml:8:9-14:19
136            android:name="com.google.firebase.components.ComponentDiscoveryService"
136-->[com.google.firebase:firebase-auth-ktx:23.0.0] AndroidManifest.xml:9:13-84
137            android:directBootAware="true"
137-->[com.google.firebase:firebase-common:21.0.0] AndroidManifest.xml:32:13-43
138            android:exported="false" >
138-->[com.google.firebase:firebase-auth-ktx:23.0.0] AndroidManifest.xml:10:13-37
139            <meta-data
139-->[com.google.firebase:firebase-auth-ktx:23.0.0] AndroidManifest.xml:11:13-13:85
140                android:name="com.google.firebase.components:com.google.firebase.auth.ktx.FirebaseAuthLegacyRegistrar"
140-->[com.google.firebase:firebase-auth-ktx:23.0.0] AndroidManifest.xml:12:17-119
141                android:value="com.google.firebase.components.ComponentRegistrar" />
141-->[com.google.firebase:firebase-auth-ktx:23.0.0] AndroidManifest.xml:13:17-82
142            <meta-data
142-->[com.google.firebase:firebase-auth:23.0.0] AndroidManifest.xml:69:13-71:85
143                android:name="com.google.firebase.components:com.google.firebase.auth.FirebaseAuthRegistrar"
143-->[com.google.firebase:firebase-auth:23.0.0] AndroidManifest.xml:70:17-109
144                android:value="com.google.firebase.components.ComponentRegistrar" />
144-->[com.google.firebase:firebase-auth:23.0.0] AndroidManifest.xml:71:17-82
145            <meta-data
145-->[com.google.firebase:firebase-database-ktx:21.0.0] AndroidManifest.xml:12:13-14:85
146                android:name="com.google.firebase.components:com.google.firebase.database.ktx.FirebaseDatabaseLegacyRegistrar"
146-->[com.google.firebase:firebase-database-ktx:21.0.0] AndroidManifest.xml:13:17-127
147                android:value="com.google.firebase.components.ComponentRegistrar" />
147-->[com.google.firebase:firebase-database-ktx:21.0.0] AndroidManifest.xml:14:17-82
148            <meta-data
148-->[com.google.firebase:firebase-firestore-ktx:25.0.0] AndroidManifest.xml:12:13-14:85
149                android:name="com.google.firebase.components:com.google.firebase.firestore.ktx.FirebaseFirestoreLegacyRegistrar"
149-->[com.google.firebase:firebase-firestore-ktx:25.0.0] AndroidManifest.xml:13:17-129
150                android:value="com.google.firebase.components.ComponentRegistrar" />
150-->[com.google.firebase:firebase-firestore-ktx:25.0.0] AndroidManifest.xml:14:17-82
151            <meta-data
151-->[com.google.firebase:firebase-analytics-ktx:22.0.1] AndroidManifest.xml:11:13-13:85
152                android:name="com.google.firebase.components:com.google.firebase.analytics.ktx.FirebaseAnalyticsLegacyRegistrar"
152-->[com.google.firebase:firebase-analytics-ktx:22.0.1] AndroidManifest.xml:12:17-129
153                android:value="com.google.firebase.components.ComponentRegistrar" />
153-->[com.google.firebase:firebase-analytics-ktx:22.0.1] AndroidManifest.xml:13:17-82
154            <meta-data
154-->[com.google.firebase:firebase-database:21.0.0] AndroidManifest.xml:29:13-31:85
155                android:name="com.google.firebase.components:com.google.firebase.database.FirebaseDatabaseKtxRegistrar"
155-->[com.google.firebase:firebase-database:21.0.0] AndroidManifest.xml:30:17-120
156                android:value="com.google.firebase.components.ComponentRegistrar" />
156-->[com.google.firebase:firebase-database:21.0.0] AndroidManifest.xml:31:17-82
157            <meta-data
157-->[com.google.firebase:firebase-database:21.0.0] AndroidManifest.xml:32:13-34:85
158                android:name="com.google.firebase.components:com.google.firebase.database.DatabaseRegistrar"
158-->[com.google.firebase:firebase-database:21.0.0] AndroidManifest.xml:33:17-109
159                android:value="com.google.firebase.components.ComponentRegistrar" />
159-->[com.google.firebase:firebase-database:21.0.0] AndroidManifest.xml:34:17-82
160            <meta-data
160-->[com.google.firebase:firebase-firestore:25.0.0] AndroidManifest.xml:17:13-19:85
161                android:name="com.google.firebase.components:com.google.firebase.firestore.FirebaseFirestoreKtxRegistrar"
161-->[com.google.firebase:firebase-firestore:25.0.0] AndroidManifest.xml:18:17-122
162                android:value="com.google.firebase.components.ComponentRegistrar" />
162-->[com.google.firebase:firebase-firestore:25.0.0] AndroidManifest.xml:19:17-82
163            <meta-data
163-->[com.google.firebase:firebase-firestore:25.0.0] AndroidManifest.xml:20:13-22:85
164                android:name="com.google.firebase.components:com.google.firebase.firestore.FirestoreRegistrar"
164-->[com.google.firebase:firebase-firestore:25.0.0] AndroidManifest.xml:21:17-111
165                android:value="com.google.firebase.components.ComponentRegistrar" />
165-->[com.google.firebase:firebase-firestore:25.0.0] AndroidManifest.xml:22:17-82
166            <meta-data
166-->[com.google.android.gms:play-services-measurement-api:22.0.1] AndroidManifest.xml:37:13-39:85
167                android:name="com.google.firebase.components:com.google.firebase.analytics.connector.internal.AnalyticsConnectorRegistrar"
167-->[com.google.android.gms:play-services-measurement-api:22.0.1] AndroidManifest.xml:38:17-139
168                android:value="com.google.firebase.components.ComponentRegistrar" />
168-->[com.google.android.gms:play-services-measurement-api:22.0.1] AndroidManifest.xml:39:17-82
169            <meta-data
169-->[com.google.firebase:firebase-installations:18.0.0] AndroidManifest.xml:15:13-17:85
170                android:name="com.google.firebase.components:com.google.firebase.installations.FirebaseInstallationsKtxRegistrar"
170-->[com.google.firebase:firebase-installations:18.0.0] AndroidManifest.xml:16:17-130
171                android:value="com.google.firebase.components.ComponentRegistrar" />
171-->[com.google.firebase:firebase-installations:18.0.0] AndroidManifest.xml:17:17-82
172            <meta-data
172-->[com.google.firebase:firebase-installations:18.0.0] AndroidManifest.xml:18:13-20:85
173                android:name="com.google.firebase.components:com.google.firebase.installations.FirebaseInstallationsRegistrar"
173-->[com.google.firebase:firebase-installations:18.0.0] AndroidManifest.xml:19:17-127
174                android:value="com.google.firebase.components.ComponentRegistrar" />
174-->[com.google.firebase:firebase-installations:18.0.0] AndroidManifest.xml:20:17-82
175            <meta-data
175-->[com.google.firebase:firebase-common-ktx:21.0.0] AndroidManifest.xml:12:13-14:85
176                android:name="com.google.firebase.components:com.google.firebase.ktx.FirebaseCommonLegacyRegistrar"
176-->[com.google.firebase:firebase-common-ktx:21.0.0] AndroidManifest.xml:13:17-116
177                android:value="com.google.firebase.components.ComponentRegistrar" />
177-->[com.google.firebase:firebase-common-ktx:21.0.0] AndroidManifest.xml:14:17-82
178            <meta-data
178-->[com.google.firebase:firebase-common:21.0.0] AndroidManifest.xml:35:13-37:85
179                android:name="com.google.firebase.components:com.google.firebase.FirebaseCommonKtxRegistrar"
179-->[com.google.firebase:firebase-common:21.0.0] AndroidManifest.xml:36:17-109
180                android:value="com.google.firebase.components.ComponentRegistrar" />
180-->[com.google.firebase:firebase-common:21.0.0] AndroidManifest.xml:37:17-82
181        </service>
182
183        <activity
183-->[com.google.firebase:firebase-auth:23.0.0] AndroidManifest.xml:29:9-46:20
184            android:name="com.google.firebase.auth.internal.GenericIdpActivity"
184-->[com.google.firebase:firebase-auth:23.0.0] AndroidManifest.xml:30:13-80
185            android:excludeFromRecents="true"
185-->[com.google.firebase:firebase-auth:23.0.0] AndroidManifest.xml:31:13-46
186            android:exported="true"
186-->[com.google.firebase:firebase-auth:23.0.0] AndroidManifest.xml:32:13-36
187            android:launchMode="singleTask"
187-->[com.google.firebase:firebase-auth:23.0.0] AndroidManifest.xml:33:13-44
188            android:theme="@android:style/Theme.Translucent.NoTitleBar" >
188-->[com.google.firebase:firebase-auth:23.0.0] AndroidManifest.xml:34:13-72
189            <intent-filter>
189-->[com.google.firebase:firebase-auth:23.0.0] AndroidManifest.xml:35:13-45:29
190                <action android:name="android.intent.action.VIEW" />
190-->src\main\AndroidManifest.xml:22:17-69
190-->src\main\AndroidManifest.xml:22:25-66
191
192                <category android:name="android.intent.category.DEFAULT" />
192-->src\main\AndroidManifest.xml:23:17-76
192-->src\main\AndroidManifest.xml:23:27-73
193                <category android:name="android.intent.category.BROWSABLE" />
193-->src\main\AndroidManifest.xml:24:17-78
193-->src\main\AndroidManifest.xml:24:27-75
194
195                <data
195-->src\main\AndroidManifest.xml:25:17-28:68
196                    android:host="firebase.auth"
196-->src\main\AndroidManifest.xml:27:21-54
197                    android:path="/"
197-->src\main\AndroidManifest.xml:28:21-65
198                    android:scheme="genericidp" />
198-->src\main\AndroidManifest.xml:26:21-44
199            </intent-filter>
200        </activity>
201        <activity
201-->[com.google.firebase:firebase-auth:23.0.0] AndroidManifest.xml:47:9-64:20
202            android:name="com.google.firebase.auth.internal.RecaptchaActivity"
202-->[com.google.firebase:firebase-auth:23.0.0] AndroidManifest.xml:48:13-79
203            android:excludeFromRecents="true"
203-->[com.google.firebase:firebase-auth:23.0.0] AndroidManifest.xml:49:13-46
204            android:exported="true"
204-->[com.google.firebase:firebase-auth:23.0.0] AndroidManifest.xml:50:13-36
205            android:launchMode="singleTask"
205-->[com.google.firebase:firebase-auth:23.0.0] AndroidManifest.xml:51:13-44
206            android:theme="@android:style/Theme.Translucent.NoTitleBar" >
206-->[com.google.firebase:firebase-auth:23.0.0] AndroidManifest.xml:52:13-72
207            <intent-filter>
207-->[com.google.firebase:firebase-auth:23.0.0] AndroidManifest.xml:53:13-63:29
208                <action android:name="android.intent.action.VIEW" />
208-->src\main\AndroidManifest.xml:22:17-69
208-->src\main\AndroidManifest.xml:22:25-66
209
210                <category android:name="android.intent.category.DEFAULT" />
210-->src\main\AndroidManifest.xml:23:17-76
210-->src\main\AndroidManifest.xml:23:27-73
211                <category android:name="android.intent.category.BROWSABLE" />
211-->src\main\AndroidManifest.xml:24:17-78
211-->src\main\AndroidManifest.xml:24:27-75
212
213                <data
213-->src\main\AndroidManifest.xml:25:17-28:68
214                    android:host="firebase.auth"
214-->src\main\AndroidManifest.xml:27:21-54
215                    android:path="/"
215-->src\main\AndroidManifest.xml:28:21-65
216                    android:scheme="recaptcha" />
216-->src\main\AndroidManifest.xml:26:21-44
217            </intent-filter>
218        </activity>
219
220        <property
220-->[com.google.android.gms:play-services-measurement-api:22.0.1] AndroidManifest.xml:30:9-32:61
221            android:name="android.adservices.AD_SERVICES_CONFIG"
221-->[com.google.android.gms:play-services-measurement-api:22.0.1] AndroidManifest.xml:31:13-65
222            android:resource="@xml/ga_ad_services_config" />
222-->[com.google.android.gms:play-services-measurement-api:22.0.1] AndroidManifest.xml:32:13-58
223
224        <provider
224-->[com.google.firebase:firebase-common:21.0.0] AndroidManifest.xml:23:9-28:39
225            android:name="com.google.firebase.provider.FirebaseInitProvider"
225-->[com.google.firebase:firebase-common:21.0.0] AndroidManifest.xml:24:13-77
226            android:authorities="com.espoch.comedor.firebaseinitprovider"
226-->[com.google.firebase:firebase-common:21.0.0] AndroidManifest.xml:25:13-72
227            android:directBootAware="true"
227-->[com.google.firebase:firebase-common:21.0.0] AndroidManifest.xml:26:13-43
228            android:exported="false"
228-->[com.google.firebase:firebase-common:21.0.0] AndroidManifest.xml:27:13-37
229            android:initOrder="100" />
229-->[com.google.firebase:firebase-common:21.0.0] AndroidManifest.xml:28:13-36
230
231        <service
231-->[androidx.credentials:credentials-play-services-auth:1.2.2] AndroidManifest.xml:24:9-32:19
232            android:name="androidx.credentials.playservices.CredentialProviderMetadataHolder"
232-->[androidx.credentials:credentials-play-services-auth:1.2.2] AndroidManifest.xml:25:13-94
233            android:enabled="true"
233-->[androidx.credentials:credentials-play-services-auth:1.2.2] AndroidManifest.xml:26:13-35
234            android:exported="false" >
234-->[androidx.credentials:credentials-play-services-auth:1.2.2] AndroidManifest.xml:27:13-37
235            <meta-data
235-->[androidx.credentials:credentials-play-services-auth:1.2.2] AndroidManifest.xml:29:13-31:104
236                android:name="androidx.credentials.CREDENTIAL_PROVIDER_KEY"
236-->[androidx.credentials:credentials-play-services-auth:1.2.2] AndroidManifest.xml:30:17-76
237                android:value="androidx.credentials.playservices.CredentialProviderPlayServicesImpl" />
237-->[androidx.credentials:credentials-play-services-auth:1.2.2] AndroidManifest.xml:31:17-101
238        </service>
239
240        <activity
240-->[androidx.credentials:credentials-play-services-auth:1.2.2] AndroidManifest.xml:34:9-41:20
241            android:name="androidx.credentials.playservices.HiddenActivity"
241-->[androidx.credentials:credentials-play-services-auth:1.2.2] AndroidManifest.xml:35:13-76
242            android:configChanges="orientation|screenSize|screenLayout|keyboardHidden"
242-->[androidx.credentials:credentials-play-services-auth:1.2.2] AndroidManifest.xml:36:13-87
243            android:enabled="true"
243-->[androidx.credentials:credentials-play-services-auth:1.2.2] AndroidManifest.xml:37:13-35
244            android:exported="false"
244-->[androidx.credentials:credentials-play-services-auth:1.2.2] AndroidManifest.xml:38:13-37
245            android:fitsSystemWindows="true"
245-->[androidx.credentials:credentials-play-services-auth:1.2.2] AndroidManifest.xml:39:13-45
246            android:theme="@style/Theme.Hidden" >
246-->[androidx.credentials:credentials-play-services-auth:1.2.2] AndroidManifest.xml:40:13-48
247        </activity>
248        <activity
248-->[com.google.android.gms:play-services-auth:20.7.0] AndroidManifest.xml:23:9-27:75
249            android:name="com.google.android.gms.auth.api.signin.internal.SignInHubActivity"
249-->[com.google.android.gms:play-services-auth:20.7.0] AndroidManifest.xml:24:13-93
250            android:excludeFromRecents="true"
250-->[com.google.android.gms:play-services-auth:20.7.0] AndroidManifest.xml:25:13-46
251            android:exported="false"
251-->[com.google.android.gms:play-services-auth:20.7.0] AndroidManifest.xml:26:13-37
252            android:theme="@android:style/Theme.Translucent.NoTitleBar" />
252-->[com.google.android.gms:play-services-auth:20.7.0] AndroidManifest.xml:27:13-72
253        <!--
254            Service handling Google Sign-In user revocation. For apps that do not integrate with
255            Google Sign-In, this service will never be started.
256        -->